17:35:01  INFO      core.encoder  FaceEncoder ready – 0 employee(s) registered
17:35:02  INFO      core.camera  Camera 0 started (640x480 @ 30 fps)
17:35:02  INFO      services.sync_service  SyncService started (interval=60s)
17:37:16  INFO      core.encoder  FaceEncoder ready – 0 employee(s) registered
17:37:16  INFO      core.camera  Camera 0 started (640x480 @ 30 fps)
17:37:16  INFO      services.sync_service  SyncService started (interval=60s)
17:39:37  INFO      core.encoder  FaceEncoder ready – 0 employee(s) registered
17:39:37  INFO      core.camera  Camera 0 started (640x480 @ 30 fps)
17:39:37  INFO      services.sync_service  SyncService started (interval=60s)
17:41:57  INFO      core.encoder  FaceEncoder ready – 0 employee(s) registered
17:41:58  INFO      core.camera  Camera 0 started (640x480 @ 30 fps)
17:41:58  INFO      services.sync_service  SyncService started (interval=60s)
17:42:22  INFO      ui.dashboard  Recognition started
17:42:30  INFO      ui.dashboard  Recognition stopped
17:42:52  INFO      core.encoder  Trained LBPH model for rishta (101)
17:43:01  INFO      ui.dashboard  Recognition started
17:43:08  INFO      services.attendance_service  Logged: rishta (101) @ 17:43:07  conf=0.01
17:43:43  INFO      services.attendance_service  Logged: rishta (101) @ 17:43:43  conf=0.05
17:43:49  INFO      ui.dashboard  Recognition stopped
17:44:02  WARNING   services.sync_service  Backend unreachable – records will sync later
17:44:33  INFO      ui.main_window  Shutting down…
17:44:33  INFO      ui.dashboard  Recognition stopped
17:44:38  INFO      services.sync_service  SyncService stopped
17:44:38  INFO      core.camera  Camera 0 stopped
17:44:54  INFO      core.encoder  FaceEncoder ready – 1 employee(s) registered
17:44:55  INFO      core.camera  Camera 0 started (640x480 @ 30 fps)
17:44:55  INFO      services.sync_service  SyncService started (interval=60s)
17:44:59  WARNING   services.sync_service  Backend unreachable – records will sync later
17:45:01  INFO      ui.dashboard  Recognition started
17:45:23  INFO      services.attendance_service  Logged: rishta (101) @ 17:45:23  conf=0.00
17:45:28  INFO      ui.dashboard  Recognition stopped
17:46:03  WARNING   services.sync_service  Backend unreachable – records will sync later
17:47:07  WARNING   services.sync_service  Backend unreachable – records will sync later
17:48:11  WARNING   services.sync_service  Backend unreachable – records will sync later
17:49:15  WARNING   services.sync_service  Backend unreachable – records will sync later
17:49:57  INFO      ui.main_window  Shutting down…
17:49:57  INFO      ui.dashboard  Recognition stopped
17:50:02  INFO      services.sync_service  SyncService stopped
17:50:03  INFO      core.camera  Camera 0 stopped
23:16:13  INFO      core.encoder  FaceEncoder ready – 1 employee(s) registered
23:16:14  INFO      core.camera  Camera 0 started (640x480 @ 30 fps)
23:16:14  INFO      services.sync_service  SyncService started (interval=60s)
23:16:16  ERROR     services.sync_service  Backend returned error: 500 Server Error: Internal Server Error for url: http://localhost:8000/api/attendance/bulk
23:17:18  ERROR     services.sync_service  Backend returned error: 500 Server Error: Internal Server Error for url: http://localhost:8000/api/attendance/bulk
23:17:27  INFO      ui.dashboard  Recognition started
23:18:20  ERROR     services.sync_service  Backend returned error: 500 Server Error: Internal Server Error for url: http://localhost:8000/api/attendance/bulk
23:18:31  INFO      ui.dashboard  Recognition stopped
23:19:03  INFO      ui.dashboard  Recognition started
23:19:22  ERROR     services.sync_service  Backend returned error: 500 Server Error: Internal Server Error for url: http://localhost:8000/api/attendance/bulk
23:19:35  INFO      ui.dashboard  Recognition stopped
23:19:49  INFO      ui.main_window  Shutting down…
23:19:49  INFO      ui.dashboard  Recognition stopped
23:19:54  INFO      services.sync_service  SyncService stopped
23:19:55  INFO      core.camera  Camera 0 stopped
00:24:35  INFO      core.encoder  FaceEncoder ready – 1 employee(s) registered
00:24:36  INFO      core.camera  Camera 0 started (640x480 @ 30 fps)
00:24:36  INFO      services.sync_service  SyncService started (interval=60s)
00:24:40  WARNING   services.sync_service  Backend unreachable – records will sync later
00:24:43  INFO      ui.main_window  Shutting down…
00:24:43  INFO      ui.dashboard  Recognition stopped
00:24:48  INFO      services.sync_service  SyncService stopped
00:24:48  INFO      core.camera  Camera 0 stopped
00:24:58  INFO      core.encoder  FaceEncoder ready – 1 employee(s) registered
00:24:59  INFO      core.camera  Camera 0 started (640x480 @ 30 fps)
00:24:59  INFO      services.sync_service  SyncService started (interval=60s)
00:25:03  WARNING   services.sync_service  Backend unreachable – records will sync later
00:25:04  INFO      ui.main_window  Shutting down…
00:25:04  INFO      ui.dashboard  Recognition stopped
00:25:09  INFO      services.sync_service  SyncService stopped
00:25:09  INFO      core.camera  Camera 0 stopped
16:24:25  INFO      core.encoder  FaceEncoder ready – 1 employee(s) registered
16:24:26  INFO      core.camera  Camera 0 started (640x480 @ 30 fps)
16:24:26  INFO      services.sync_service  SyncService started (interval=60s)
16:24:28  ERROR     services.sync_service  Backend returned error: 500 Server Error: Internal Server Error for url: http://localhost:8000/api/attendance/bulk
16:24:48  INFO      ui.main_window  Shutting down…
16:24:48  INFO      ui.dashboard  Recognition stopped
16:24:53  INFO      services.sync_service  SyncService stopped
16:24:53  INFO      core.camera  Camera 0 stopped
07:42:20  INFO      core.encoder  FaceEncoder ready – 1 employee(s) registered
07:42:21  INFO      core.camera  Camera 0 started (640x480 @ 30 fps)
07:42:21  INFO      services.sync_service  SyncService started (interval=60s)
07:42:25  WARNING   services.sync_service  Backend unreachable – records will sync later
07:43:28  ERROR     services.sync_service  Backend returned error: 500 Server Error: Internal Server Error for url: http://localhost:8000/api/attendance/bulk
07:44:31  ERROR     services.sync_service  Backend returned error: 500 Server Error: Internal Server Error for url: http://localhost:8000/api/attendance/bulk
07:45:33  ERROR     services.sync_service  Backend returned error: 500 Server Error: Internal Server Error for url: http://localhost:8000/api/attendance/bulk
07:46:35  ERROR     services.sync_service  Backend returned error: 500 Server Error: Internal Server Error for url: http://localhost:8000/api/attendance/bulk
07:47:37  ERROR     services.sync_service  Backend returned error: 500 Server Error: Internal Server Error for url: http://localhost:8000/api/attendance/bulk
07:48:39  ERROR     services.sync_service  Backend returned error: 500 Server Error: Internal Server Error for url: http://localhost:8000/api/attendance/bulk
07:49:20  INFO      ui.main_window  Shutting down…
07:49:20  INFO      ui.dashboard  Recognition stopped
07:49:25  INFO      services.sync_service  SyncService stopped
07:49:26  INFO      core.camera  Camera 0 stopped
08:12:56  INFO      core.encoder  FaceEncoder ready – 1 employee(s) registered
08:12:57  INFO      core.camera  Camera 0 started (640x480 @ 30 fps)
08:12:57  INFO      services.sync_service  SyncService started (interval=60s)
08:12:59  INFO      services.sync_service  Synced 3 record(s) to backend
08:12:59  INFO      ui.main_window  Auto-synced 3 records
08:14:01  INFO      services.sync_service  Synced 3 record(s) to backend
08:14:01  INFO      ui.main_window  Auto-synced 3 records
08:15:03  INFO      services.sync_service  Synced 3 record(s) to backend
08:15:03  INFO      ui.main_window  Auto-synced 3 records
08:15:12  INFO      ui.main_window  Shutting down…
08:15:12  INFO      ui.dashboard  Recognition stopped
08:15:17  INFO      services.sync_service  SyncService stopped
08:15:18  INFO      core.camera  Camera 0 stopped
10:38:43  INFO      core.encoder  FaceEncoder ready – 1 employee(s) registered
10:38:44  INFO      core.camera  Camera 0 started (640x480 @ 30 fps)
10:38:44  INFO      services.sync_service  SyncService started (interval=60s)
10:38:46  INFO      services.sync_service  Synced 3 record(s) to backend
10:38:46  INFO      ui.main_window  Auto-synced 3 records
10:39:11  INFO      core.encoder  Trained LBPH model for kunmun (104)
10:39:15  INFO      ui.dashboard  Recognition started
10:39:48  INFO      services.sync_service  Synced 3 record(s) to backend
10:39:48  INFO      ui.main_window  Auto-synced 3 records
10:39:53  INFO      ui.dashboard  Recognition stopped
10:40:50  INFO      services.sync_service  Synced 3 record(s) to backend
10:40:50  INFO      ui.main_window  Auto-synced 3 records
10:40:51  INFO      ui.dashboard  Recognition started
10:41:33  INFO      ui.dashboard  Recognition stopped
10:41:53  INFO      services.sync_service  Synced 3 record(s) to backend
10:41:53  INFO      ui.main_window  Auto-synced 3 records
10:42:55  INFO      services.sync_service  Synced 3 record(s) to backend
10:42:55  INFO      ui.main_window  Auto-synced 3 records
10:43:57  INFO      services.sync_service  Synced 3 record(s) to backend
10:43:57  INFO      ui.main_window  Auto-synced 3 records
10:44:59  INFO      services.sync_service  Synced 3 record(s) to backend
10:44:59  INFO      ui.main_window  Auto-synced 3 records
10:46:01  INFO      services.sync_service  Synced 3 record(s) to backend
10:46:01  INFO      ui.main_window  Auto-synced 3 records
10:47:03  INFO      services.sync_service  Synced 3 record(s) to backend
10:47:03  INFO      ui.main_window  Auto-synced 3 records
10:48:05  INFO      services.sync_service  Synced 3 record(s) to backend
10:48:05  INFO      ui.main_window  Auto-synced 3 records
10:49:07  INFO      services.sync_service  Synced 3 record(s) to backend
10:49:07  INFO      ui.main_window  Auto-synced 3 records
10:50:09  INFO      services.sync_service  Synced 3 record(s) to backend
10:50:09  INFO      ui.main_window  Auto-synced 3 records
10:51:11  INFO      services.sync_service  Synced 3 record(s) to backend
10:51:11  INFO      ui.main_window  Auto-synced 3 records
10:52:13  INFO      services.sync_service  Synced 3 record(s) to backend
10:52:13  INFO      ui.main_window  Auto-synced 3 records
10:53:15  INFO      services.sync_service  Synced 3 record(s) to backend
10:53:15  INFO      ui.main_window  Auto-synced 3 records
10:54:17  INFO      services.sync_service  Synced 3 record(s) to backend
10:54:17  INFO      ui.main_window  Auto-synced 3 records
10:55:20  INFO      services.sync_service  Synced 3 record(s) to backend
10:55:20  INFO      ui.main_window  Auto-synced 3 records
10:56:22  INFO      services.sync_service  Synced 3 record(s) to backend
10:56:22  INFO      ui.main_window  Auto-synced 3 records
10:57:24  INFO      services.sync_service  Synced 3 record(s) to backend
10:57:24  INFO      ui.main_window  Auto-synced 3 records
10:58:26  INFO      services.sync_service  Synced 3 record(s) to backend
10:58:26  INFO      ui.main_window  Auto-synced 3 records
10:59:28  INFO      services.sync_service  Synced 3 record(s) to backend
10:59:28  INFO      ui.main_window  Auto-synced 3 records
11:00:30  INFO      services.sync_service  Synced 3 record(s) to backend
11:00:30  INFO      ui.main_window  Auto-synced 3 records
11:01:32  INFO      services.sync_service  Synced 3 record(s) to backend
11:01:32  INFO      ui.main_window  Auto-synced 3 records
11:02:34  INFO      services.sync_service  Synced 3 record(s) to backend
11:02:34  INFO      ui.main_window  Auto-synced 3 records
11:03:36  INFO      services.sync_service  Synced 3 record(s) to backend
11:03:36  INFO      ui.main_window  Auto-synced 3 records
11:04:38  INFO      services.sync_service  Synced 3 record(s) to backend
11:04:38  INFO      ui.main_window  Auto-synced 3 records
11:05:40  INFO      services.sync_service  Synced 3 record(s) to backend
11:05:40  INFO      ui.main_window  Auto-synced 3 records
11:06:42  INFO      services.sync_service  Synced 3 record(s) to backend
11:06:42  INFO      ui.main_window  Auto-synced 3 records
11:07:44  INFO      services.sync_service  Synced 3 record(s) to backend
11:07:44  INFO      ui.main_window  Auto-synced 3 records
11:08:46  INFO      services.sync_service  Synced 3 record(s) to backend
11:08:46  INFO      ui.main_window  Auto-synced 3 records
11:09:49  INFO      services.sync_service  Synced 3 record(s) to backend
11:09:49  INFO      ui.main_window  Auto-synced 3 records
11:10:51  INFO      services.sync_service  Synced 3 record(s) to backend
11:10:51  INFO      ui.main_window  Auto-synced 3 records
11:11:53  INFO      services.sync_service  Synced 3 record(s) to backend
11:11:53  INFO      ui.main_window  Auto-synced 3 records
11:12:55  INFO      services.sync_service  Synced 3 record(s) to backend
11:12:55  INFO      ui.main_window  Auto-synced 3 records
11:13:57  INFO      services.sync_service  Synced 3 record(s) to backend
11:13:57  INFO      ui.main_window  Auto-synced 3 records
11:14:59  INFO      services.sync_service  Synced 3 record(s) to backend
11:14:59  INFO      ui.main_window  Auto-synced 3 records
11:16:01  INFO      services.sync_service  Synced 3 record(s) to backend
11:16:01  INFO      ui.main_window  Auto-synced 3 records
11:17:03  INFO      services.sync_service  Synced 3 record(s) to backend
11:17:03  INFO      ui.main_window  Auto-synced 3 records
11:18:05  INFO      services.sync_service  Synced 3 record(s) to backend
11:18:05  INFO      ui.main_window  Auto-synced 3 records
11:19:07  INFO      services.sync_service  Synced 3 record(s) to backend
11:19:07  INFO      ui.main_window  Auto-synced 3 records
11:20:09  INFO      services.sync_service  Synced 3 record(s) to backend
11:20:09  INFO      ui.main_window  Auto-synced 3 records
11:21:11  INFO      services.sync_service  Synced 3 record(s) to backend
11:21:11  INFO      ui.main_window  Auto-synced 3 records
11:22:13  INFO      services.sync_service  Synced 3 record(s) to backend
11:22:13  INFO      ui.main_window  Auto-synced 3 records
11:23:16  INFO      services.sync_service  Synced 3 record(s) to backend
11:23:16  INFO      ui.main_window  Auto-synced 3 records
11:24:18  INFO      services.sync_service  Synced 3 record(s) to backend
11:24:18  INFO      ui.main_window  Auto-synced 3 records
11:25:20  INFO      services.sync_service  Synced 3 record(s) to backend
11:25:20  INFO      ui.main_window  Auto-synced 3 records
11:26:22  INFO      services.sync_service  Synced 3 record(s) to backend
11:26:22  INFO      ui.main_window  Auto-synced 3 records
11:27:24  INFO      services.sync_service  Synced 3 record(s) to backend
11:27:24  INFO      ui.main_window  Auto-synced 3 records
11:28:26  INFO      services.sync_service  Synced 3 record(s) to backend
11:28:26  INFO      ui.main_window  Auto-synced 3 records
11:29:28  INFO      services.sync_service  Synced 3 record(s) to backend
11:29:28  INFO      ui.main_window  Auto-synced 3 records
11:32:32  INFO      core.encoder  FaceEncoder ready – 2 employee(s)
11:32:32  INFO      core.camera  Camera 0 started (640x480 @ 30 fps)
11:32:32  INFO      services.sync_service  SyncService started (interval=60s)
11:32:34  INFO      services.sync_service  Synced 3 record(s) to backend
11:32:34  INFO      ui.main_window  Auto-synced 3 records
11:33:02  INFO      core.encoder  Collected sample 1 for rishta
11:33:02  INFO      core.encoder  Collected sample 2 for rishta
11:33:02  INFO      core.encoder  Collected sample 3 for rishta
11:33:02  INFO      core.encoder  Collected sample 4 for rishta
11:33:02  INFO      core.encoder  Collected sample 5 for rishta
11:33:02  INFO      core.encoder  Collected sample 6 for rishta
11:33:02  INFO      core.encoder  Collected sample 7 for rishta
11:33:02  INFO      core.encoder  Collected sample 8 for rishta
11:33:02  INFO      core.encoder  Collected sample 9 for rishta
11:33:02  INFO      core.encoder  Collected sample 10 for rishta
11:33:02  INFO      core.encoder  Collected sample 11 for rishta
11:33:03  INFO      core.encoder  Collected sample 12 for rishta
11:33:03  INFO      core.encoder  Collected sample 13 for rishta
11:33:03  INFO      core.encoder  Collected sample 14 for rishta
11:33:03  INFO      core.encoder  Collected sample 15 for rishta
11:33:03  INFO      core.encoder  Collected sample 16 for rishta
11:33:03  INFO      core.encoder  Collected sample 17 for rishta
11:33:03  INFO      core.encoder  Collected sample 18 for rishta
11:33:03  INFO      core.encoder  Collected sample 19 for rishta
11:33:03  INFO      core.encoder  Collected sample 20 for rishta
11:33:03  INFO      core.encoder  Collected sample 21 for rishta
11:33:03  INFO      core.encoder  Collected sample 22 for rishta
11:33:03  INFO      core.encoder  Collected sample 23 for rishta
11:33:03  INFO      core.encoder  Collected sample 24 for rishta
11:33:03  INFO      core.encoder  Collected sample 25 for rishta
11:33:04  INFO      core.encoder  Collected sample 26 for rishta
11:33:04  INFO      core.encoder  Collected sample 27 for rishta
11:33:04  INFO      core.encoder  Collected sample 28 for rishta
11:33:04  INFO      core.encoder  Collected sample 29 for rishta
11:33:04  INFO      core.encoder  Collected sample 30 for rishta
11:33:04  INFO      ui.dashboard  Recognition started
11:33:17  INFO      ui.dashboard  Recognition stopped
11:33:36  INFO      services.sync_service  Synced 3 record(s) to backend
11:33:36  INFO      ui.main_window  Auto-synced 3 records
11:33:55  INFO      ui.dashboard  Recognition started
11:34:04  INFO      ui.dashboard  Recognition stopped
11:34:39  INFO      services.sync_service  Synced 3 record(s) to backend
11:34:39  INFO      ui.main_window  Auto-synced 3 records
11:34:46  INFO      services.sync_service  Synced 3 record(s) to backend
11:34:46  INFO      ui.main_window  Auto-synced 3 records
11:34:52  INFO      ui.dashboard  Recognition started
11:35:05  INFO      ui.dashboard  Recognition stopped
11:35:41  INFO      services.sync_service  Synced 3 record(s) to backend
11:35:41  INFO      ui.main_window  Auto-synced 3 records
11:36:43  INFO      services.sync_service  Synced 3 record(s) to backend
11:36:43  INFO      ui.main_window  Auto-synced 3 records
11:37:45  INFO      services.sync_service  Synced 3 record(s) to backend
11:37:45  INFO      ui.main_window  Auto-synced 3 records
11:38:47  INFO      services.sync_service  Synced 3 record(s) to backend
11:38:47  INFO      ui.main_window  Auto-synced 3 records
11:56:01  INFO      core.encoder  FaceEncoder ready – 2 employee(s)
11:56:11  INFO      core.camera  Camera 0 started (640x480 @ 30 fps)
11:56:11  INFO      services.sync_service  SyncService started (interval=60s)
11:56:14  INFO      services.sync_service  Synced 3 record(s) to backend
11:56:14  INFO      ui.main_window  Auto-synced 3 records
11:56:39  INFO      core.encoder  Collected sample 1 for rishta
11:56:39  INFO      core.encoder  Collected sample 2 for rishta
11:56:39  INFO      core.encoder  Collected sample 3 for rishta
11:56:39  INFO      core.encoder  Collected sample 4 for rishta
11:56:39  INFO      core.encoder  Collected sample 5 for rishta
11:56:39  INFO      core.encoder  Collected sample 6 for rishta
11:56:39  INFO      core.encoder  Collected sample 7 for rishta
11:56:39  INFO      core.encoder  Collected sample 8 for rishta
11:56:39  INFO      core.encoder  Collected sample 9 for rishta
11:56:40  INFO      core.encoder  Collected sample 10 for rishta
11:56:40  INFO      core.encoder  Collected sample 11 for rishta
11:56:40  INFO      core.encoder  Collected sample 12 for rishta
11:56:40  INFO      core.encoder  Collected sample 13 for rishta
11:56:40  INFO      core.encoder  Collected sample 14 for rishta
11:56:40  INFO      core.encoder  Collected sample 15 for rishta
11:56:40  INFO      core.encoder  Collected sample 16 for rishta
11:56:40  INFO      core.encoder  Collected sample 17 for rishta
11:56:40  INFO      core.encoder  Collected sample 18 for rishta
11:56:40  INFO      core.encoder  Collected sample 19 for rishta
11:56:40  INFO      core.encoder  Collected sample 20 for rishta
11:56:40  INFO      core.encoder  Collected sample 21 for rishta
11:56:40  INFO      core.encoder  Collected sample 22 for rishta
11:56:41  INFO      core.encoder  Collected sample 23 for rishta
11:56:41  INFO      core.encoder  Collected sample 24 for rishta
11:56:41  INFO      core.encoder  Collected sample 25 for rishta
11:56:41  INFO      core.encoder  Collected sample 26 for rishta
11:56:41  INFO      core.encoder  Collected sample 27 for rishta
11:56:41  INFO      core.encoder  Collected sample 28 for rishta
11:56:41  INFO      core.encoder  Collected sample 29 for rishta
11:56:41  INFO      core.encoder  Collected sample 30 for rishta
11:56:57  INFO      core.encoder  Trained model for rishta (101)
11:56:57  INFO      ui.dashboard  Recognition started
11:57:09  INFO      ui.dashboard  Recognition stopped
11:57:13  INFO      ui.dashboard  Recognition started
11:57:13  INFO      services.attendance_service  Logged: rishta (101) @ 11:57:13  conf=0.21
11:57:16  INFO      services.sync_service  Synced 4 record(s) to backend
11:57:16  INFO      ui.main_window  Auto-synced 4 records
11:57:24  INFO      ui.dashboard  Recognition stopped
11:58:18  INFO      services.sync_service  Synced 4 record(s) to backend
11:58:18  INFO      ui.main_window  Auto-synced 4 records
11:59:20  INFO      services.sync_service  Synced 4 record(s) to backend
11:59:20  INFO      ui.main_window  Auto-synced 4 records
11:59:27  INFO      ui.main_window  Shutting down…
11:59:27  INFO      ui.dashboard  Recognition stopped
11:59:32  INFO      services.sync_service  SyncService stopped
11:59:33  INFO      core.camera  Camera 0 stopped
12:00:37  INFO      core.encoder  FaceEncoder ready – 2 employee(s)
12:00:38  INFO      core.camera  Camera 0 started (640x480 @ 30 fps)
12:00:38  INFO      services.sync_service  SyncService started (interval=60s)
12:00:40  INFO      services.sync_service  Synced 4 record(s) to backend
12:00:40  INFO      ui.main_window  Auto-synced 4 records
12:01:42  INFO      services.sync_service  Synced 4 record(s) to backend
12:01:42  INFO      ui.main_window  Auto-synced 4 records
12:01:48  INFO      core.encoder  Collected sample 1 for kunmun
12:01:48  INFO      core.encoder  Collected sample 2 for kunmun
12:01:48  INFO      core.encoder  Collected sample 3 for kunmun
12:01:48  INFO      core.encoder  Collected sample 4 for kunmun
12:01:48  INFO      core.encoder  Collected sample 5 for kunmun
12:01:48  INFO      core.encoder  Collected sample 6 for kunmun
12:01:48  INFO      core.encoder  Collected sample 7 for kunmun
12:01:48  INFO      core.encoder  Collected sample 8 for kunmun
12:01:48  INFO      core.encoder  Collected sample 9 for kunmun
12:01:48  INFO      core.encoder  Collected sample 10 for kunmun
12:01:48  INFO      core.encoder  Collected sample 11 for kunmun
12:01:48  INFO      core.encoder  Collected sample 12 for kunmun
12:01:48  INFO      core.encoder  Collected sample 13 for kunmun
12:01:48  INFO      core.encoder  Collected sample 14 for kunmun
12:01:48  INFO      core.encoder  Collected sample 15 for kunmun
12:01:49  INFO      core.encoder  Collected sample 16 for kunmun
12:01:49  INFO      core.encoder  Collected sample 17 for kunmun
12:01:49  INFO      core.encoder  Collected sample 18 for kunmun
12:01:49  INFO      core.encoder  Collected sample 19 for kunmun
12:01:49  INFO      core.encoder  Collected sample 20 for kunmun
12:01:49  INFO      core.encoder  Collected sample 21 for kunmun
12:01:49  INFO      core.encoder  Collected sample 22 for kunmun
12:01:49  INFO      core.encoder  Collected sample 23 for kunmun
12:01:49  INFO      core.encoder  Collected sample 24 for kunmun
12:01:49  INFO      core.encoder  Collected sample 25 for kunmun
12:01:49  INFO      core.encoder  Collected sample 26 for kunmun
12:01:49  INFO      core.encoder  Collected sample 27 for kunmun
12:01:49  INFO      core.encoder  Collected sample 28 for kunmun
12:01:49  INFO      core.encoder  Collected sample 29 for kunmun
12:01:49  INFO      core.encoder  Collected sample 30 for kunmun
12:02:05  INFO      core.encoder  Trained model for kunmun (104)
12:02:05  INFO      ui.dashboard  Recognition started
12:02:12  INFO      ui.dashboard  Recognition stopped
12:02:17  INFO      ui.dashboard  Recognition started
12:02:33  INFO      ui.dashboard  Recognition stopped
12:02:35  INFO      ui.dashboard  Recognition started
12:02:45  INFO      services.sync_service  Synced 4 record(s) to backend
12:02:45  INFO      ui.main_window  Auto-synced 4 records
12:03:28  INFO      services.attendance_service  Logged: kunmun (104) @ 12:03:28  conf=0.28
12:04:10  INFO      core.encoder  FaceEncoder ready – 2 employee(s)
12:04:11  INFO      core.camera  Camera 0 started (640x480 @ 30 fps)
12:04:11  INFO      services.sync_service  SyncService started (interval=60s)
12:04:13  INFO      services.sync_service  Synced 5 record(s) to backend
12:04:13  INFO      ui.main_window  Auto-synced 5 records
12:04:18  INFO      ui.dashboard  Recognition started
12:04:29  INFO      ui.dashboard  Recognition stopped
12:04:34  INFO      ui.dashboard  Recognition started
12:05:15  INFO      services.sync_service  Synced 5 record(s) to backend
12:05:15  INFO      ui.main_window  Auto-synced 5 records
12:05:16  INFO      services.attendance_service  Logged: kunmun (104) @ 12:05:16  conf=0.33
12:05:16  INFO      ui.dashboard  Recognition stopped
12:05:45  INFO      ui.dashboard  Recognition started
12:05:53  INFO      services.attendance_service  Logged: kunmun (104) @ 12:05:53  conf=0.25
12:06:17  INFO      services.sync_service  Synced 7 record(s) to backend
12:06:17  INFO      ui.main_window  Auto-synced 7 records
12:06:29  INFO      ui.dashboard  Recognition stopped
12:06:38  INFO      services.attendance_service  Logged: kunmun (104) @ 12:06:38  conf=0.24
12:07:02  INFO      ui.main_window  Shutting down…
12:07:02  INFO      ui.dashboard  Recognition stopped
12:07:07  INFO      services.sync_service  SyncService stopped
12:07:08  INFO      core.camera  Camera 0 stopped
12:09:40  INFO      core.encoder  FaceEncoder ready – 2 employee(s)
12:09:40  INFO      core.camera  Camera 0 started (640x480 @ 30 fps)
12:09:40  INFO      services.sync_service  SyncService started (interval=60s)
12:09:42  INFO      services.sync_service  Synced 8 record(s) to backend
12:09:42  INFO      ui.main_window  Auto-synced 8 records
12:10:45  INFO      services.sync_service  Synced 8 record(s) to backend
12:10:45  INFO      ui.main_window  Auto-synced 8 records
12:11:47  INFO      services.sync_service  Synced 8 record(s) to backend
12:11:47  INFO      ui.main_window  Auto-synced 8 records
12:12:49  INFO      services.sync_service  Synced 8 record(s) to backend
12:12:49  INFO      ui.main_window  Auto-synced 8 records
12:13:51  INFO      services.sync_service  Synced 8 record(s) to backend
12:13:51  INFO      ui.main_window  Auto-synced 8 records
12:14:53  INFO      services.sync_service  Synced 8 record(s) to backend
12:14:53  INFO      ui.main_window  Auto-synced 8 records
12:15:55  INFO      services.sync_service  Synced 8 record(s) to backend
12:15:55  INFO      ui.main_window  Auto-synced 8 records
12:16:57  INFO      services.sync_service  Synced 8 record(s) to backend
12:16:57  INFO      ui.main_window  Auto-synced 8 records
12:17:59  INFO      services.sync_service  Synced 8 record(s) to backend
12:17:59  INFO      ui.main_window  Auto-synced 8 records
12:19:01  INFO      services.sync_service  Synced 8 record(s) to backend
12:19:01  INFO      ui.main_window  Auto-synced 8 records
12:20:03  INFO      services.sync_service  Synced 8 record(s) to backend
12:20:03  INFO      ui.main_window  Auto-synced 8 records
12:21:05  INFO      services.sync_service  Synced 8 record(s) to backend
12:21:05  INFO      ui.main_window  Auto-synced 8 records
12:22:08  INFO      services.sync_service  Synced 8 record(s) to backend
12:22:08  INFO      ui.main_window  Auto-synced 8 records
12:23:10  INFO      services.sync_service  Synced 8 record(s) to backend
12:23:10  INFO      ui.main_window  Auto-synced 8 records
12:24:12  INFO      services.sync_service  Synced 8 record(s) to backend
12:24:12  INFO      ui.main_window  Auto-synced 8 records
12:25:14  INFO      services.sync_service  Synced 8 record(s) to backend
12:25:14  INFO      ui.main_window  Auto-synced 8 records
12:26:16  INFO      services.sync_service  Synced 8 record(s) to backend
12:26:16  INFO      ui.main_window  Auto-synced 8 records
12:27:18  INFO      services.sync_service  Synced 8 record(s) to backend
12:27:18  INFO      ui.main_window  Auto-synced 8 records
12:28:20  INFO      services.sync_service  Synced 8 record(s) to backend
12:28:20  INFO      ui.main_window  Auto-synced 8 records
12:29:22  INFO      services.sync_service  Synced 8 record(s) to backend
12:29:22  INFO      ui.main_window  Auto-synced 8 records
12:30:24  INFO      services.sync_service  Synced 8 record(s) to backend
12:30:24  INFO      ui.main_window  Auto-synced 8 records
12:31:26  INFO      services.sync_service  Synced 8 record(s) to backend
12:31:26  INFO      ui.main_window  Auto-synced 8 records
12:32:29  INFO      services.sync_service  Synced 8 record(s) to backend
12:32:29  INFO      ui.main_window  Auto-synced 8 records
12:33:31  INFO      services.sync_service  Synced 8 record(s) to backend
12:33:31  INFO      ui.main_window  Auto-synced 8 records
12:34:33  INFO      services.sync_service  Synced 8 record(s) to backend
12:34:33  INFO      ui.main_window  Auto-synced 8 records
12:35:35  INFO      services.sync_service  Synced 8 record(s) to backend
12:35:35  INFO      ui.main_window  Auto-synced 8 records
12:36:37  INFO      services.sync_service  Synced 8 record(s) to backend
12:36:37  INFO      ui.main_window  Auto-synced 8 records
12:37:39  INFO      services.sync_service  Synced 8 record(s) to backend
12:37:39  INFO      ui.main_window  Auto-synced 8 records
12:38:41  INFO      services.sync_service  Synced 8 record(s) to backend
12:38:41  INFO      ui.main_window  Auto-synced 8 records
12:39:43  INFO      services.sync_service  Synced 8 record(s) to backend
12:39:43  INFO      ui.main_window  Auto-synced 8 records
12:40:45  INFO      services.sync_service  Synced 8 record(s) to backend
12:40:45  INFO      ui.main_window  Auto-synced 8 records
12:41:47  INFO      services.sync_service  Synced 8 record(s) to backend
12:41:47  INFO      ui.main_window  Auto-synced 8 records
12:42:49  INFO      services.sync_service  Synced 8 record(s) to backend
12:42:49  INFO      ui.main_window  Auto-synced 8 records
12:43:52  INFO      services.sync_service  Synced 8 record(s) to backend
12:43:52  INFO      ui.main_window  Auto-synced 8 records
12:44:54  INFO      services.sync_service  Synced 8 record(s) to backend
12:44:54  INFO      ui.main_window  Auto-synced 8 records
12:45:56  INFO      services.sync_service  Synced 8 record(s) to backend
12:45:56  INFO      ui.main_window  Auto-synced 8 records
12:46:58  INFO      services.sync_service  Synced 8 record(s) to backend
12:46:58  INFO      ui.main_window  Auto-synced 8 records
12:48:00  INFO      services.sync_service  Synced 8 record(s) to backend
12:48:00  INFO      ui.main_window  Auto-synced 8 records
13:25:43  INFO      core.encoder  FaceEncoder ready – 2 employee(s)
13:25:43  INFO      core.camera  Camera 0 started (640x480 @ 30 fps)
13:25:43  INFO      services.sync_service  SyncService started (interval=60s)
13:25:49  INFO      ui.dashboard  Recognition started
13:26:09  INFO      ui.dashboard  Recognition stopped
13:26:22  INFO      services.attendance_service  Logged: rishta (101) @ 13:26:22  conf=0.00
13:26:26  INFO      ui.dashboard  Recognition started
13:26:34  INFO      ui.dashboard  Recognition stopped
13:26:45  INFO      services.sync_service  Synced 1 record(s) to backend
13:26:45  INFO      ui.main_window  Auto-synced 1 records
13:26:59  INFO      services.attendance_service  Logged: rishta (101) @ 13:26:59  conf=0.13
13:27:40  INFO      ui.main_window  Shutting down…
13:27:40  INFO      ui.dashboard  Recognition stopped
13:27:45  INFO      services.sync_service  SyncService stopped
13:27:46  INFO      core.camera  Camera 0 stopped
13:28:26  INFO      core.encoder  FaceEncoder ready – 2 employee(s)
13:28:26  INFO      core.camera  Camera 0 started (640x480 @ 30 fps)
13:28:26  INFO      services.sync_service  SyncService started (interval=60s)
13:28:29  INFO      services.sync_service  Synced 2 record(s) to backend
13:28:29  INFO      ui.main_window  Auto-synced 2 records
13:28:35  INFO      ui.dashboard  Recognition started
13:29:31  INFO      services.sync_service  Synced 2 record(s) to backend
13:29:31  INFO      ui.main_window  Auto-synced 2 records
13:29:33  INFO      ui.dashboard  Recognition stopped
13:30:20  INFO      ui.dashboard  Recognition started
13:30:33  INFO      services.sync_service  Synced 2 record(s) to backend
13:30:33  INFO      ui.main_window  Auto-synced 2 records
13:30:54  INFO      services.attendance_service  Logged: kunmun (104) @ 13:30:53  conf=0.11
13:31:24  INFO      core.encoder  Collected sample 1 for kunmun
13:31:24  INFO      core.encoder  Collected sample 2 for kunmun
13:31:24  INFO      core.encoder  Collected sample 3 for kunmun
13:31:24  INFO      core.encoder  Collected sample 4 for kunmun
13:31:24  INFO      core.encoder  Collected sample 5 for kunmun
13:31:24  INFO      core.encoder  Collected sample 6 for kunmun
13:31:24  INFO      core.encoder  Collected sample 7 for kunmun
13:31:24  INFO      core.encoder  Collected sample 8 for kunmun
13:31:24  INFO      core.encoder  Collected sample 9 for kunmun
13:31:24  INFO      core.encoder  Collected sample 10 for kunmun
13:31:24  INFO      core.encoder  Collected sample 11 for kunmun
13:31:24  INFO      core.encoder  Collected sample 12 for kunmun
13:31:25  INFO      core.encoder  Collected sample 13 for kunmun
13:31:25  INFO      core.encoder  Collected sample 14 for kunmun
13:31:25  INFO      core.encoder  Collected sample 15 for kunmun
13:31:25  INFO      core.encoder  Collected sample 16 for kunmun
13:31:25  INFO      core.encoder  Collected sample 17 for kunmun
13:31:25  INFO      core.encoder  Collected sample 18 for kunmun
13:31:25  INFO      core.encoder  Collected sample 19 for kunmun
13:31:25  INFO      core.encoder  Collected sample 20 for kunmun
13:31:25  INFO      core.encoder  Collected sample 21 for kunmun
13:31:25  INFO      core.encoder  Collected sample 22 for kunmun
13:31:25  INFO      core.encoder  Collected sample 23 for kunmun
13:31:25  INFO      core.encoder  Collected sample 24 for kunmun
13:31:25  INFO      core.encoder  Collected sample 25 for kunmun
13:31:25  INFO      core.encoder  Collected sample 26 for kunmun
13:31:25  INFO      core.encoder  Collected sample 27 for kunmun
13:31:26  INFO      core.encoder  Collected sample 28 for kunmun
13:31:26  INFO      core.encoder  Collected sample 29 for kunmun
13:31:26  INFO      core.encoder  Collected sample 30 for kunmun
13:31:35  INFO      services.sync_service  Synced 3 record(s) to backend
13:31:35  INFO      ui.main_window  Auto-synced 3 records
13:31:42  INFO      core.encoder  Trained model for kunmun (104)
13:31:49  INFO      ui.dashboard  Recognition stopped
13:32:01  INFO      ui.dashboard  Recognition started
13:32:25  INFO      ui.dashboard  Recognition stopped
13:32:32  INFO      services.attendance_service  Logged: kunmun (104) @ 13:32:32  conf=0.06
13:32:37  INFO      services.sync_service  Synced 4 record(s) to backend
13:32:37  INFO      ui.main_window  Auto-synced 4 records
13:33:39  INFO      services.sync_service  Synced 4 record(s) to backend
13:33:39  INFO      ui.main_window  Auto-synced 4 records
13:34:41  INFO      services.sync_service  Synced 4 record(s) to backend
13:34:41  INFO      ui.main_window  Auto-synced 4 records
13:35:43  INFO      services.sync_service  Synced 4 record(s) to backend
13:35:43  INFO      ui.main_window  Auto-synced 4 records
13:36:12  INFO      ui.main_window  Shutting down…
13:36:12  INFO      ui.dashboard  Recognition stopped
13:36:17  INFO      services.sync_service  SyncService stopped
13:36:18  INFO      core.camera  Camera 0 stopped
22:18:07  INFO      core.encoder  FaceEncoder ready – 2 employee(s)
22:18:08  INFO      core.camera  Camera 0 started (640x480 @ 30 fps)
22:18:08  INFO      services.sync_service  SyncService started (interval=60s)
22:18:10  INFO      services.sync_service  Synced 4 record(s) to backend
22:18:10  INFO      ui.main_window  Auto-synced 4 records
22:18:13  INFO      ui.dashboard  Recognition started
22:18:36  INFO      ui.dashboard  Recognition stopped
22:18:40  INFO      ui.dashboard  Recognition started
22:19:16  INFO      services.sync_service  Synced 4 record(s) to backend
22:19:16  INFO      ui.main_window  Auto-synced 4 records
22:19:18  INFO      ui.dashboard  Recognition stopped
22:19:20  INFO      ui.dashboard  Recognition started
22:19:32  INFO      ui.main_window  Shutting down…
22:19:32  INFO      ui.dashboard  Recognition stopped
22:19:37  INFO      services.sync_service  SyncService stopped
22:19:38  INFO      core.camera  Camera 0 stopped
22:20:00  INFO      core.encoder  FaceEncoder ready – 2 employee(s)
22:20:01  INFO      core.camera  Camera 0 started (640x480 @ 30 fps)
22:20:01  INFO      services.sync_service  SyncService started (interval=60s)
22:20:03  INFO      services.sync_service  Synced 4 record(s) to backend
22:20:03  INFO      ui.main_window  Auto-synced 4 records
22:20:07  INFO      ui.dashboard  Recognition started
22:21:05  INFO      services.sync_service  Synced 4 record(s) to backend
22:21:05  INFO      ui.main_window  Auto-synced 4 records
22:21:07  INFO      services.sync_service  Synced 4 record(s) to backend
22:21:07  INFO      ui.main_window  Auto-synced 4 records
22:22:06  INFO      ui.dashboard  Recognition stopped
22:22:07  INFO      services.sync_service  Synced 8 record(s) to backend
22:22:07  INFO      ui.main_window  Auto-synced 8 records
22:22:08  INFO      ui.main_window  Shutting down…
22:22:08  INFO      ui.dashboard  Recognition stopped
22:22:13  INFO      services.sync_service  SyncService stopped
22:22:14  INFO      core.camera  Camera 0 stopped
22:37:51  INFO      core.encoder  FaceEncoder ready – 2 employee(s)
22:37:55  INFO      core.camera  Camera 0 started (640x480 @ 30 fps)
22:37:55  INFO      services.sync_service  SyncService started (interval=60s)
22:37:57  INFO      services.sync_service  Synced 8 record(s) to backend
22:37:57  INFO      ui.main_window  Auto-synced 8 records
22:38:09  INFO      ui.dashboard  Recognition started
22:38:21  INFO      ui.dashboard  Recognition stopped
22:38:24  INFO      ui.main_window  Shutting down…
22:38:24  INFO      ui.dashboard  Recognition stopped
22:38:29  INFO      services.sync_service  SyncService stopped
22:38:29  INFO      core.camera  Camera 0 stopped
22:59:23  INFO      core.encoder  FaceEncoder ready – 2 employee(s)
22:59:23  INFO      core.camera  opening camera...
22:59:26  INFO      core.camera  Camera 0 started (640x480 @ 30 fps)
22:59:26  INFO      services.sync_service  SyncService started (interval=60s)
22:59:30  WARNING   services.sync_service  Backend unreachable – records will sync later
22:59:32  INFO      ui.dashboard  Recognition started
22:59:50  INFO      ui.dashboard  Recognition stopped
22:59:52  INFO      ui.main_window  Shutting down…
22:59:52  INFO      ui.dashboard  Recognition stopped
22:59:57  INFO      services.sync_service  SyncService stopped
22:59:58  INFO      core.camera  Camera 0 stopped
23:10:19  INFO      core.encoder  FaceEncoder ready – 2 employee(s)
23:10:19  INFO      core.camera  opening camera...
23:10:23  INFO      core.camera  Camera 0 started (640x480 @ 30 fps)
23:10:23  INFO      services.sync_service  SyncService started (interval=60s)
23:10:25  INFO      services.sync_service  Synced 8 record(s) to backend
23:10:25  INFO      ui.main_window  Auto-synced 8 records
23:10:33  INFO      ui.dashboard  Recognition started
23:11:27  INFO      services.sync_service  Synced 8 record(s) to backend
23:11:27  INFO      ui.main_window  Auto-synced 8 records
23:12:29  INFO      services.sync_service  Synced 8 record(s) to backend
23:12:29  INFO      ui.main_window  Auto-synced 8 records
23:13:28  INFO      core.encoder  Collected sample 1 for rishta
23:13:28  INFO      core.encoder  Collected sample 2 for rishta
23:13:28  INFO      core.encoder  Collected sample 3 for rishta
23:13:28  INFO      core.encoder  Collected sample 4 for rishta
23:13:28  INFO      core.encoder  Collected sample 5 for rishta
23:13:28  INFO      core.encoder  Collected sample 6 for rishta
23:13:28  INFO      core.encoder  Collected sample 7 for rishta
23:13:28  INFO      core.encoder  Collected sample 8 for rishta
23:13:28  INFO      core.encoder  Collected sample 9 for rishta
23:13:28  INFO      core.encoder  Collected sample 10 for rishta
23:13:28  INFO      core.encoder  Collected sample 11 for rishta
23:13:28  INFO      core.encoder  Collected sample 12 for rishta
23:13:28  INFO      core.encoder  Collected sample 13 for rishta
23:13:28  INFO      core.encoder  Collected sample 14 for rishta
23:13:28  INFO      core.encoder  Collected sample 15 for rishta
23:13:29  INFO      core.encoder  Collected sample 16 for rishta
23:13:29  INFO      core.encoder  Collected sample 17 for rishta
23:13:29  INFO      core.encoder  Collected sample 18 for rishta
23:13:29  INFO      core.encoder  Collected sample 19 for rishta
23:13:29  INFO      core.encoder  Collected sample 20 for rishta
23:13:29  INFO      core.encoder  Collected sample 21 for rishta
23:13:29  INFO      core.encoder  Collected sample 22 for rishta
23:13:29  INFO      core.encoder  Collected sample 23 for rishta
23:13:29  INFO      core.encoder  Collected sample 24 for rishta
23:13:29  INFO      core.encoder  Collected sample 25 for rishta
23:13:29  INFO      core.encoder  Collected sample 26 for rishta
23:13:29  INFO      core.encoder  Collected sample 27 for rishta
23:13:29  INFO      core.encoder  Collected sample 28 for rishta
23:13:29  INFO      core.encoder  Collected sample 29 for rishta
23:13:29  INFO      core.encoder  Collected sample 30 for rishta
23:13:31  INFO      services.sync_service  Synced 8 record(s) to backend
23:13:31  INFO      ui.main_window  Auto-synced 8 records
23:13:47  INFO      core.encoder  Trained model for rishta (101)
23:13:56  INFO      ui.dashboard  Recognition stopped
23:13:59  INFO      ui.dashboard  Recognition started
23:14:34  INFO      services.attendance_service  Logged: rishta (101) @ 23:14:34  conf=0.18
23:14:35  INFO      services.sync_service  Synced 8 record(s) to backend
23:14:35  INFO      ui.main_window  Auto-synced 8 records
23:14:50  INFO      ui.dashboard  Recognition stopped
23:14:55  INFO      ui.dashboard  Recognition started
23:15:43  INFO      services.sync_service  Synced 9 record(s) to backend
23:15:43  INFO      ui.main_window  Auto-synced 9 records
23:15:51  INFO      services.attendance_service  Logged: rishta (101) @ 23:15:51  conf=0.31
23:15:54  INFO      ui.dashboard  Recognition stopped
23:16:37  INFO      services.attendance_service  Logged: rishta (101) @ 23:16:37  conf=0.25
23:16:45  INFO      services.sync_service  Synced 11 record(s) to backend
23:16:45  INFO      ui.main_window  Auto-synced 11 records
23:17:32  INFO      services.sync_service  Synced 11 record(s) to backend
23:17:32  INFO      ui.main_window  Auto-synced 11 records
23:17:45  INFO      ui.main_window  Shutting down…
23:17:45  INFO      ui.dashboard  Recognition stopped
23:17:47  INFO      services.sync_service  Synced 11 record(s) to backend
23:17:47  INFO      ui.main_window  Auto-synced 11 records
23:17:50  INFO      services.sync_service  SyncService stopped
23:40:20  INFO      core.encoder  FaceEncoder ready – 2 employee(s)
23:40:20  INFO      core.camera  opening camera...
23:40:24  INFO      core.camera  Camera 0 started (640x480 @ 30 fps)
23:40:24  INFO      services.sync_service  SyncService started (interval=60s)
23:40:26  INFO      services.sync_service  Synced 11 record(s) to backend
23:40:26  INFO      ui.main_window  Auto-synced 11 records
23:40:29  INFO      ui.dashboard  Recognition started
23:41:28  INFO      services.sync_service  Synced 11 record(s) to backend
23:41:28  INFO      ui.main_window  Auto-synced 11 records
23:41:34  INFO      ui.dashboard  Recognition stopped
23:41:35  INFO      services.attendance_service  Logged: rishta (101) @ 23:41:35  conf=0.01
23:42:30  INFO      services.sync_service  Synced 12 record(s) to backend
23:42:30  INFO      ui.main_window  Auto-synced 12 records
23:43:07  INFO      ui.main_window  Shutting down…
23:43:07  INFO      ui.dashboard  Recognition stopped
23:43:12  INFO      services.sync_service  SyncService stopped
23:43:13  INFO      core.camera  Camera 0 stopped
23:47:16  INFO      core.encoder  FaceEncoder ready – 2 employee(s)
23:47:17  INFO      core.camera  Camera 0 started (640x480 @ 30 fps)
23:47:17  INFO      services.sync_service  SyncService started (interval=60s)
23:47:19  INFO      services.sync_service  Synced 12 record(s) to backend
23:47:19  INFO      ui.main_window  Auto-synced 12 records
23:47:30  INFO      ui.dashboard  Recognition started
23:48:21  INFO      services.sync_service  Synced 12 record(s) to backend
23:48:21  INFO      ui.main_window  Auto-synced 12 records
23:48:35  INFO      services.attendance_service  Logged: rishta (101) @ 23:48:35  conf=0.09
23:49:07  INFO      services.attendance_service  Logged: rishta (101) @ 23:49:07  conf=0.08
23:49:23  INFO      services.sync_service  Synced 14 record(s) to backend
23:49:23  INFO      ui.main_window  Auto-synced 14 records
23:49:38  INFO      services.attendance_service  Logged: rishta (101) @ 23:49:38  conf=0.19
23:49:41  INFO      ui.dashboard  Recognition stopped
23:50:10  INFO      services.attendance_service  Logged: rishta (101) @ 23:50:10  conf=0.16
23:50:25  INFO      services.sync_service  Synced 16 record(s) to backend
23:50:25  INFO      ui.main_window  Auto-synced 16 records
23:50:39  INFO      ui.dashboard  Recognition started
23:51:27  INFO      services.sync_service  Synced 16 record(s) to backend
23:51:27  INFO      ui.main_window  Auto-synced 16 records
23:52:29  INFO      core.encoder  Collected sample 1 for kunmun
23:52:29  INFO      core.encoder  Collected sample 2 for kunmun
23:52:29  INFO      core.encoder  Collected sample 3 for kunmun
23:52:29  INFO      core.encoder  Collected sample 4 for kunmun
23:52:30  INFO      core.encoder  Collected sample 5 for kunmun
23:52:30  INFO      services.sync_service  Synced 16 record(s) to backend
23:52:30  INFO      ui.main_window  Auto-synced 16 records
23:52:30  INFO      core.encoder  Collected sample 6 for kunmun
23:52:30  INFO      core.encoder  Collected sample 7 for kunmun
23:52:30  INFO      core.encoder  Collected sample 8 for kunmun
23:52:30  INFO      core.encoder  Collected sample 9 for kunmun
23:52:30  INFO      core.encoder  Collected sample 10 for kunmun
23:52:30  INFO      core.encoder  Collected sample 11 for kunmun
23:52:30  INFO      core.encoder  Collected sample 12 for kunmun
23:52:30  INFO      core.encoder  Collected sample 13 for kunmun
23:52:30  INFO      core.encoder  Collected sample 14 for kunmun
23:52:30  INFO      core.encoder  Collected sample 15 for kunmun
23:52:30  INFO      core.encoder  Collected sample 16 for kunmun
23:52:30  INFO      core.encoder  Collected sample 17 for kunmun
23:52:30  INFO      core.encoder  Collected sample 18 for kunmun
23:52:30  INFO      core.encoder  Collected sample 19 for kunmun
23:52:30  INFO      core.encoder  Collected sample 20 for kunmun
23:52:31  INFO      core.encoder  Collected sample 21 for kunmun
23:52:31  INFO      core.encoder  Collected sample 22 for kunmun
23:52:31  INFO      core.encoder  Collected sample 23 for kunmun
23:52:31  INFO      core.encoder  Collected sample 24 for kunmun
23:52:31  INFO      core.encoder  Collected sample 25 for kunmun
23:52:31  INFO      core.encoder  Collected sample 26 for kunmun
23:52:31  INFO      core.encoder  Collected sample 27 for kunmun
23:52:31  INFO      core.encoder  Collected sample 28 for kunmun
23:52:31  INFO      core.encoder  Collected sample 29 for kunmun
23:52:31  INFO      core.encoder  Collected sample 30 for kunmun
23:52:44  INFO      core.encoder  Trained model for kunmun (104)
23:53:32  INFO      services.sync_service  Synced 16 record(s) to backend
23:53:32  INFO      ui.main_window  Auto-synced 16 records
23:53:56  INFO      ui.dashboard  Recognition stopped
23:53:59  INFO      ui.dashboard  Recognition started
23:54:34  INFO      services.sync_service  Synced 16 record(s) to backend
23:54:34  INFO      ui.main_window  Auto-synced 16 records
23:55:36  INFO      services.sync_service  Synced 16 record(s) to backend
23:55:36  INFO      ui.main_window  Auto-synced 16 records
23:55:42  INFO      ui.dashboard  Recognition stopped
23:55:54  INFO      ui.main_window  Shutting down…
23:55:54  INFO      ui.dashboard  Recognition stopped
23:55:59  INFO      services.sync_service  SyncService stopped
23:55:59  INFO      core.camera  Camera 0 stopped
09:43:06  INFO      core.encoder  FaceEncoder ready – 2 employee(s)
09:43:07  INFO      core.camera  Camera 0 started (640x480 @ 30 fps)
09:43:07  INFO      services.sync_service  SyncService started (interval=60s)
09:43:09  INFO      services.sync_service  Synced 16 record(s) to backend
09:43:09  INFO      ui.main_window  Auto-synced 16 records
09:43:13  INFO      ui.dashboard  Recognition started
09:44:11  INFO      services.sync_service  Synced 16 record(s) to backend
09:44:11  INFO      ui.main_window  Auto-synced 16 records
09:44:23  INFO      ui.dashboard  Recognition stopped
09:44:52  INFO      ui.dashboard  Recognition started
09:44:58  INFO      ui.dashboard  Recognition stopped
09:45:02  INFO      ui.main_window  Shutting down…
09:45:02  INFO      ui.dashboard  Recognition stopped
09:45:07  INFO      services.sync_service  SyncService stopped
09:45:08  INFO      core.camera  Camera 0 stopped
09:56:42  INFO      core.encoder  Model cache refreshed — 2 model(s) loaded
09:56:42  INFO      core.encoder  FaceEncoder ready – 2 employee(s) loaded into cache
09:56:43  INFO      core.camera  Camera 0 started (640x480 @ 30 fps)
09:56:43  INFO      services.sync_service  SyncService started (interval=60s)
09:56:45  INFO      services.sync_service  Synced 16 record(s) to backend
09:56:45  INFO      ui.main_window  Auto-synced 16 records
10:09:51  INFO      core.encoder  FaceEncoder ready – 0 employee(s) loaded into cache
10:09:51  INFO      core.camera  Camera 0 started (640x480 @ 30 fps)
10:09:51  INFO      services.sync_service  SyncService started (interval=60s)
10:09:53  INFO      services.sync_service  Synced 16 record(s) to backend
10:09:53  INFO      ui.main_window  Auto-synced 16 records
10:09:57  INFO      ui.dashboard  RecognitionLoop: waiting for first valid frame…
10:09:57  INFO      ui.dashboard  Recognition started
10:09:57  INFO      ui.dashboard  RecognitionLoop: first frame received — starting recognition
10:10:03  INFO      ui.dashboard  Recognition stopped
10:10:25  INFO      core.encoder  Collected sample 1 for rishta
10:10:25  INFO      core.encoder  Collected sample 2 for rishta
10:10:25  INFO      core.encoder  Collected sample 3 for rishta
10:10:25  INFO      core.encoder  Collected sample 4 for rishta
10:10:25  INFO      core.encoder  Collected sample 5 for rishta
10:10:26  INFO      core.encoder  Collected sample 6 for rishta
10:10:26  INFO      core.encoder  Collected sample 7 for rishta
10:10:26  INFO      core.encoder  Collected sample 8 for rishta
10:10:26  INFO      core.encoder  Collected sample 9 for rishta
10:10:26  INFO      core.encoder  Collected sample 10 for rishta
10:10:26  INFO      core.encoder  Collected sample 11 for rishta
10:10:26  INFO      core.encoder  Collected sample 12 for rishta
10:10:26  INFO      core.encoder  Collected sample 13 for rishta
10:10:26  INFO      core.encoder  Collected sample 14 for rishta
10:10:26  INFO      core.encoder  Collected sample 15 for rishta
10:10:26  INFO      core.encoder  Collected sample 16 for rishta
10:10:26  INFO      core.encoder  Collected sample 17 for rishta
10:10:26  INFO      core.encoder  Collected sample 18 for rishta
10:10:26  INFO      core.encoder  Collected sample 19 for rishta
10:10:26  INFO      core.encoder  Collected sample 20 for rishta
10:10:26  INFO      core.encoder  Collected sample 21 for rishta
10:10:27  INFO      core.encoder  Collected sample 22 for rishta
10:10:27  INFO      core.encoder  Collected sample 23 for rishta
10:10:27  INFO      core.encoder  Collected sample 24 for rishta
10:10:27  INFO      core.encoder  Collected sample 25 for rishta
10:10:27  INFO      core.encoder  Collected sample 26 for rishta
10:10:27  INFO      core.encoder  Collected sample 27 for rishta
10:10:27  INFO      core.encoder  Collected sample 28 for rishta
10:10:27  INFO      core.encoder  Collected sample 29 for rishta
10:10:27  INFO      core.encoder  Collected sample 30 for rishta
10:10:56  INFO      services.sync_service  Synced 16 record(s) to backend
10:10:56  INFO      ui.main_window  Auto-synced 16 records
10:11:13  INFO      core.encoder  Model cache refreshed — 2 model(s) loaded
10:11:13  INFO      core.encoder  Trained model for rishta (101) — cache refreshed
10:11:17  INFO      ui.dashboard  RecognitionLoop: waiting for first valid frame…
10:11:17  INFO      ui.dashboard  Recognition started
10:11:17  INFO      ui.dashboard  RecognitionLoop: first frame received — starting recognition
10:11:43  INFO      ui.dashboard  Recognition stopped
10:11:48  INFO      services.sync_service  Synced 16 record(s) to backend
10:11:48  INFO      ui.main_window  Auto-synced 16 records
10:11:58  INFO      services.sync_service  Synced 16 record(s) to backend
10:11:58  INFO      ui.main_window  Auto-synced 16 records
10:12:08  INFO      ui.main_window  Shutting down…
10:12:08  INFO      ui.dashboard  Recognition stopped
10:12:13  INFO      services.sync_service  SyncService stopped
10:12:14  INFO      core.camera  Camera 0 stopped
10:15:57  INFO      core.encoder  FaceEncoder ready – 0 employee(s) loaded into cache
10:15:57  INFO      core.camera  Camera 0 started (640x480 @ 30 fps)
10:15:57  INFO      services.sync_service  SyncService started (interval=60s)
10:15:59  INFO      services.sync_service  Synced 16 record(s) to backend
10:15:59  INFO      ui.main_window  Auto-synced 16 records
10:16:03  INFO      ui.dashboard  RecognitionLoop: waiting for first valid frame…
10:16:03  INFO      ui.dashboard  Recognition started
10:16:03  INFO      ui.dashboard  RecognitionLoop: first frame received — starting recognition
10:16:31  INFO      ui.dashboard  Recognition stopped
10:16:35  INFO      ui.main_window  Shutting down…
10:16:35  INFO      ui.dashboard  Recognition stopped
10:16:40  INFO      services.sync_service  SyncService stopped
10:16:40  INFO      core.camera  Camera 0 stopped
10:38:53  INFO      core.encoder  FaceEncoder initialized
10:38:54  INFO      core.camera  Camera 0 started (640x480 @ 30 fps)
10:38:54  INFO      services.sync_service  SyncService started (interval=60s)
10:38:56  INFO      services.sync_service  Synced 16 record(s) to backend
10:38:56  INFO      ui.main_window  Auto-synced 16 records
10:39:26  INFO      core.encoder  Loaded 2 models into cache
10:39:58  INFO      services.sync_service  Synced 16 record(s) to backend
10:39:58  INFO      ui.main_window  Auto-synced 16 records
10:40:59  INFO      ui.main_window  Shutting down…
10:41:00  INFO      services.sync_service  Synced 16 record(s) to backend
10:41:00  INFO      ui.main_window  Auto-synced 16 records
10:41:04  INFO      services.sync_service  SyncService stopped
10:41:05  INFO      core.camera  Camera 0 stopped
10:42:30  INFO      core.encoder  FaceEncoder initialized
10:42:30  INFO      core.encoder  Loaded 0 models into cache
10:42:31  INFO      core.camera  Camera 0 started (640x480 @ 30 fps)
10:42:31  INFO      services.sync_service  SyncService started (interval=60s)
10:42:33  INFO      services.sync_service  Synced 16 record(s) to backend
10:42:33  INFO      ui.main_window  Auto-synced 16 records
10:43:33  INFO      core.encoder  Loaded 1 models into cache
10:43:34  INFO      services.attendance_service  Logged: Rishta (101) @ 10:43:34  conf=0.23
10:43:35  INFO      services.sync_service  Synced 16 record(s) to backend
10:43:35  INFO      ui.main_window  Auto-synced 16 records
10:44:05  INFO      ui.main_window  Shutting down…
10:44:10  INFO      services.sync_service  SyncService stopped
10:44:11  INFO      core.camera  Camera 0 stopped
10:56:04  INFO      core.encoder  FaceEncoder initialized
10:56:05  INFO      core.camera  Camera 0 started (640x480 @ 30 fps)
10:56:05  INFO      services.sync_service  SyncService started (interval=60s)
10:56:07  INFO      services.sync_service  Synced 17 record(s) to backend
10:56:07  INFO      ui.main_window  Auto-synced 17 records
10:56:12  INFO      ui.dashboard  Recognition started
10:56:19  INFO      ui.dashboard  Recognition stopped
10:56:22  INFO      core.encoder  Loaded 1 models into cache
10:57:01  INFO      ui.dashboard  Recognition started
10:57:01  INFO      services.attendance_service  Logged: rishta (101) @ 10:57:01  conf=0.04
10:57:09  INFO      services.sync_service  Synced 18 record(s) to backend
10:57:09  INFO      ui.main_window  Auto-synced 18 records
10:57:13  INFO      core.encoder  Loaded 1 models into cache
10:57:13  INFO      ui.dashboard  Recognition stopped
10:57:20  INFO      services.sync_service  Synced 18 record(s) to backend
10:57:20  INFO      ui.main_window  Auto-synced 18 records
10:57:57  INFO      ui.dashboard  Recognition started
10:57:57  INFO      services.attendance_service  Logged: rishta (101) @ 10:57:57  conf=0.06
10:58:04  INFO      ui.dashboard  Recognition stopped
10:58:09  INFO      ui.dashboard  Recognition started
10:58:11  INFO      services.sync_service  Synced 19 record(s) to backend
10:58:11  INFO      ui.main_window  Auto-synced 19 records
10:58:23  INFO      ui.dashboard  Recognition stopped
10:59:13  INFO      services.sync_service  Synced 19 record(s) to backend
10:59:13  INFO      ui.main_window  Auto-synced 19 records
11:00:15  INFO      services.sync_service  Synced 19 record(s) to backend
11:00:15  INFO      ui.main_window  Auto-synced 19 records
11:01:17  INFO      services.sync_service  Synced 19 record(s) to backend
11:01:17  INFO      ui.main_window  Auto-synced 19 records
11:02:19  INFO      services.sync_service  Synced 19 record(s) to backend
11:02:19  INFO      ui.main_window  Auto-synced 19 records
11:03:21  INFO      services.sync_service  Synced 19 record(s) to backend
11:03:21  INFO      ui.main_window  Auto-synced 19 records
11:04:24  INFO      services.sync_service  Synced 19 record(s) to backend
11:04:24  INFO      ui.main_window  Auto-synced 19 records
11:05:26  INFO      services.sync_service  Synced 19 record(s) to backend
11:05:26  INFO      ui.main_window  Auto-synced 19 records
11:06:28  INFO      services.sync_service  Synced 19 record(s) to backend
11:06:28  INFO      ui.main_window  Auto-synced 19 records
11:07:30  INFO      services.sync_service  Synced 19 record(s) to backend
11:07:30  INFO      ui.main_window  Auto-synced 19 records
11:08:30  INFO      core.encoder  FaceEncoder initialized
11:08:31  INFO      core.camera  Camera 0 started (640x480 @ 30 fps)
11:08:31  INFO      services.sync_service  SyncService started (interval=60s)
11:08:33  INFO      services.sync_service  Synced 19 record(s) to backend
11:08:33  INFO      ui.main_window  Auto-synced 19 records
11:08:34  INFO      ui.main_window  Shutting down…
11:08:34  INFO      ui.dashboard  Recognition stopped
11:08:39  INFO      services.sync_service  SyncService stopped
11:08:39  INFO      core.camera  Camera 0 stopped
11:24:28  INFO      core.encoder  FaceEncoder initialized
11:24:29  INFO      core.camera  Camera 0 started (640x480 @ 30 fps)
11:24:29  INFO      services.sync_service  SyncService started (interval=60s)
11:24:31  INFO      services.sync_service  Synced 19 record(s) to backend
11:24:31  INFO      ui.main_window  Auto-synced 19 records
11:24:35  INFO      ui.dashboard  Recognition started
11:24:50  INFO      ui.dashboard  Recognition stopped
11:25:00  INFO      core.encoder  Loaded 1 models into cache
11:25:33  INFO      services.sync_service  Synced 19 record(s) to backend
11:25:33  INFO      ui.main_window  Auto-synced 19 records
11:26:35  INFO      services.sync_service  Synced 19 record(s) to backend
11:26:35  INFO      ui.main_window  Auto-synced 19 records
11:27:37  INFO      services.sync_service  Synced 19 record(s) to backend
11:27:37  INFO      ui.main_window  Auto-synced 19 records
11:28:00  INFO      ui.main_window  Shutting down…
11:28:00  INFO      ui.dashboard  Recognition stopped
11:28:05  INFO      services.sync_service  SyncService stopped
11:28:06  INFO      core.camera  Camera 0 stopped
11:44:05  INFO      core.encoder  Loaded 0 face models
11:44:06  INFO      core.camera  Camera 0 started (640x480 @ 30 fps)
11:44:06  INFO      services.sync_service  SyncService started (interval=60s)
11:44:08  INFO      services.sync_service  Synced 19 record(s) to backend
11:44:08  INFO      ui.main_window  Auto-synced 19 records
11:45:00  INFO      services.attendance_service  Logged: rishta (101) @ 11:45:00  conf=0.72
11:45:10  INFO      services.sync_service  Synced 20 record(s) to backend
11:45:10  INFO      ui.main_window  Auto-synced 20 records
11:45:30  INFO      services.attendance_service  Logged: rishta (101) @ 11:45:30  conf=0.69
11:45:37  INFO      services.sync_service  Synced 21 record(s) to backend
11:45:37  INFO      ui.main_window  Auto-synced 21 records
11:45:41  INFO      services.sync_service  Synced 21 record(s) to backend
11:45:41  INFO      ui.main_window  Auto-synced 21 records
11:46:12  INFO      services.sync_service  Synced 21 record(s) to backend
11:46:12  INFO      ui.main_window  Auto-synced 21 records
11:47:14  INFO      services.sync_service  Synced 21 record(s) to backend
11:47:14  INFO      ui.main_window  Auto-synced 21 records
11:47:30  INFO      ui.main_window  Shutting down…
11:47:35  INFO      services.sync_service  SyncService stopped
11:47:36  INFO      core.camera  Camera 0 stopped
11:57:19  INFO      core.encoder  Loaded 1 face models
11:57:20  INFO      core.camera  Camera 0 started (640x480 @ 30 fps)
11:57:20  INFO      services.sync_service  SyncService started (interval=60s)
11:57:22  INFO      services.sync_service  Synced 21 record(s) to backend
11:57:22  INFO      ui.main_window  Auto-synced 21 records
11:57:26  INFO      services.attendance_service  Logged: rishta (101) @ 11:57:26  conf=0.60
11:58:24  INFO      services.sync_service  Synced 22 record(s) to backend
11:58:24  INFO      ui.main_window  Auto-synced 22 records
11:59:26  INFO      services.sync_service  Synced 22 record(s) to backend
11:59:26  INFO      ui.main_window  Auto-synced 22 records
12:00:15  INFO      ui.main_window  Shutting down…
12:00:20  INFO      services.sync_service  SyncService stopped
12:00:21  INFO      core.camera  Camera 0 stopped
12:01:32  INFO      core.encoder  Loaded 1 face models
12:01:32  INFO      core.camera  Camera 0 started (640x480 @ 30 fps)
12:01:32  INFO      services.sync_service  SyncService started (interval=60s)
12:01:35  INFO      services.sync_service  Synced 22 record(s) to backend
12:01:35  INFO      ui.main_window  Auto-synced 22 records
12:01:38  INFO      services.attendance_service  Logged: rishta (101) @ 12:01:38  conf=0.61
12:02:08  INFO      services.attendance_service  Logged: rishta (101) @ 12:02:08  conf=0.67
12:02:37  INFO      services.sync_service  Synced 24 record(s) to backend
12:02:37  INFO      ui.main_window  Auto-synced 24 records
12:03:39  INFO      services.sync_service  Synced 24 record(s) to backend
12:03:39  INFO      ui.main_window  Auto-synced 24 records
12:04:41  INFO      services.sync_service  Synced 24 record(s) to backend
12:04:41  INFO      ui.main_window  Auto-synced 24 records
12:05:43  INFO      services.sync_service  Synced 24 record(s) to backend
12:05:43  INFO      ui.main_window  Auto-synced 24 records
12:06:45  INFO      services.sync_service  Synced 24 record(s) to backend
12:06:45  INFO      ui.main_window  Auto-synced 24 records
12:07:47  INFO      services.sync_service  Synced 24 record(s) to backend
12:07:47  INFO      ui.main_window  Auto-synced 24 records
12:08:00  INFO      ui.main_window  Shutting down…
12:08:05  INFO      services.sync_service  SyncService stopped
12:08:05  INFO      core.camera  Camera 0 stopped
12:37:30  INFO      core.encoder  Loaded 1 face models
12:37:31  INFO      core.camera  Camera 0 started (640x480 @ 30 fps)
12:37:31  INFO      services.sync_service  SyncService started (interval=60s)
12:37:33  INFO      services.sync_service  Synced 24 record(s) to backend
12:37:33  INFO      ui.main_window  Auto-synced 24 records
12:37:39  INFO      services.attendance_service  Logged: rishta (101) @ 12:37:39  conf=0.59
12:38:09  INFO      services.attendance_service  Logged: rishta (101) @ 12:38:09  conf=0.58
12:38:35  INFO      services.sync_service  Synced 26 record(s) to backend
12:38:35  INFO      ui.main_window  Auto-synced 26 records
12:38:39  INFO      services.attendance_service  Logged: rishta (101) @ 12:38:39  conf=0.63
12:39:09  INFO      services.attendance_service  Logged: rishta (101) @ 12:39:09  conf=0.57
12:39:37  INFO      services.sync_service  Synced 28 record(s) to backend
12:39:37  INFO      ui.main_window  Auto-synced 28 records
12:40:39  INFO      services.sync_service  Synced 28 record(s) to backend
12:40:39  INFO      ui.main_window  Auto-synced 28 records
12:41:12  INFO      services.attendance_service  Logged: rishta (101) @ 12:41:12  conf=0.57
12:41:41  INFO      services.sync_service  Synced 29 record(s) to backend
12:41:41  INFO      ui.main_window  Auto-synced 29 records
12:42:44  INFO      services.sync_service  Synced 29 record(s) to backend
12:42:44  INFO      ui.main_window  Auto-synced 29 records
12:43:46  INFO      services.sync_service  Synced 29 record(s) to backend
12:43:46  INFO      ui.main_window  Auto-synced 29 records
12:44:00  INFO      ui.main_window  Shutting down…
12:44:05  INFO      services.sync_service  SyncService stopped
12:44:06  INFO      core.camera  Camera 0 stopped
12:47:29  INFO      core.encoder  Loaded 1 face models
12:47:30  INFO      core.camera  Camera 0 started (640x480 @ 30 fps)
12:47:30  INFO      services.sync_service  SyncService started (interval=60s)
12:47:32  INFO      services.sync_service  Synced 29 record(s) to backend
12:47:32  INFO      ui.main_window  Auto-synced 29 records
12:47:36  INFO      services.attendance_service  Logged: rishta (101) @ 12:47:36  conf=0.55
12:48:34  INFO      services.sync_service  Synced 30 record(s) to backend
12:48:34  INFO      ui.main_window  Auto-synced 30 records
12:49:36  INFO      services.sync_service  Synced 30 record(s) to backend
12:49:36  INFO      ui.main_window  Auto-synced 30 records
12:50:38  INFO      services.sync_service  Synced 30 record(s) to backend
12:50:38  INFO      ui.main_window  Auto-synced 30 records
12:51:01  INFO      ui.main_window  Shutting down…
12:51:06  INFO      services.sync_service  SyncService stopped
12:51:06  INFO      core.camera  Camera 0 stopped
13:08:55  INFO      core.encoder  Loaded 1 face models
13:08:56  INFO      core.camera  Camera 0 started (640x480 @ 30 fps)
13:08:56  INFO      services.sync_service  SyncService started (interval=60s)
13:08:58  INFO      services.sync_service  Synced 30 record(s) to backend
13:08:58  INFO      ui.main_window  Auto-synced 30 records
13:09:03  INFO      services.attendance_service  Logged: rishta (101) @ 13:09:03  conf=0.60
13:09:23  INFO      services.sync_service  Synced 31 record(s) to backend
13:09:23  INFO      ui.main_window  Auto-synced 31 records
13:09:32  INFO      services.sync_service  Synced 31 record(s) to backend
13:09:32  INFO      ui.main_window  Auto-synced 31 records
13:09:42  INFO      services.sync_service  Synced 31 record(s) to backend
13:09:42  INFO      ui.main_window  Auto-synced 31 records
13:09:43  INFO      services.sync_service  Synced 31 record(s) to backend
13:09:43  INFO      ui.main_window  Auto-synced 31 records
13:09:43  INFO      services.sync_service  Synced 31 record(s) to backend
13:09:43  INFO      ui.main_window  Auto-synced 31 records
13:09:43  INFO      services.sync_service  Synced 31 record(s) to backend
13:09:43  INFO      ui.main_window  Auto-synced 31 records
13:09:43  INFO      services.sync_service  Synced 31 record(s) to backend
13:09:43  INFO      ui.main_window  Auto-synced 31 records
13:09:47  INFO      services.sync_service  Synced 31 record(s) to backend
13:09:47  INFO      ui.main_window  Auto-synced 31 records
13:09:47  INFO      services.sync_service  Synced 31 record(s) to backend
13:09:47  INFO      ui.main_window  Auto-synced 31 records
13:09:48  INFO      services.sync_service  Synced 31 record(s) to backend
13:09:48  INFO      ui.main_window  Auto-synced 31 records
13:10:00  INFO      services.sync_service  Synced 31 record(s) to backend
13:10:00  INFO      ui.main_window  Auto-synced 31 records
13:10:10  INFO      services.sync_service  Synced 31 record(s) to backend
13:10:10  INFO      ui.main_window  Auto-synced 31 records
13:10:10  INFO      services.sync_service  Synced 31 record(s) to backend
13:10:10  INFO      ui.main_window  Auto-synced 31 records
13:10:24  INFO      services.sync_service  Synced 31 record(s) to backend
13:10:24  INFO      ui.main_window  Auto-synced 31 records
13:10:24  INFO      ui.main_window  Shutting down…
13:10:29  INFO      services.sync_service  SyncService stopped
13:10:30  INFO      core.camera  Camera 0 stopped
13:23:54  INFO      core.encoder  Loaded 1 face models
13:23:55  INFO      core.camera  Camera 0 started (640x480 @ 30 fps)
13:23:55  INFO      services.sync_service  SyncService started (interval=60s)
13:23:57  INFO      services.sync_service  Synced 31 record(s) to backend
13:23:57  INFO      ui.main_window  Auto-synced 31 records
13:24:04  INFO      services.attendance_service  Logged: rishta (101) @ 13:24:04  conf=0.51
13:24:15  INFO      services.sync_service  Synced 32 record(s) to backend
13:24:15  INFO      ui.main_window  Auto-synced 32 records
13:24:38  INFO      ui.main_window  Shutting down…
13:24:43  INFO      services.sync_service  SyncService stopped
13:24:43  INFO      core.camera  Camera 0 stopped
13:32:02  INFO      core.encoder  Loaded 1 face models
13:32:03  INFO      core.camera  Camera 0 started (640x480 @ 30 fps)
13:32:03  INFO      services.sync_service  SyncService started (interval=60s)
13:32:05  INFO      services.sync_service  Synced 32 record(s) to backend
13:32:05  INFO      ui.main_window  Auto-synced 32 records
13:32:10  INFO      services.attendance_service  Logged: rishta (101) @ 13:32:10  conf=0.59
13:33:04  INFO      services.sync_service  Synced 33 record(s) to backend
13:33:04  INFO      ui.main_window  Auto-synced 33 records
13:33:05  INFO      services.sync_service  Synced 33 record(s) to backend
13:33:05  INFO      ui.main_window  Auto-synced 33 records
13:34:07  INFO      services.sync_service  Synced 33 record(s) to backend
13:34:07  INFO      ui.main_window  Auto-synced 33 records
13:34:17  INFO      services.attendance_service  Logged: rishta (101) @ 13:34:17  conf=0.04
13:35:09  INFO      services.sync_service  Synced 34 record(s) to backend
13:35:09  INFO      ui.main_window  Auto-synced 34 records
13:35:11  INFO      services.sync_service  Synced 34 record(s) to backend
13:35:11  INFO      ui.main_window  Auto-synced 34 records
13:35:13  INFO      ui.main_window  Shutting down…
13:35:18  INFO      services.sync_service  SyncService stopped
13:35:18  INFO      core.camera  Camera 0 stopped
